Using pre-set license
Built from '2020.3/staging' branch; Version is '2020.3.3f1 (76626098c1c4) revision 7758432'; Using compiler version '192528614'; Build Type 'Release'
OS: 'Windows 10 Pro; OS build 19043.1023; Version 2009; 64bit' Language: 'en' Physical Memory: 8047 MB
BatchMode: 1, IsHumanControllingUs: 0, StartBugReporterOnCrash: 0, Is64bit: 1, IsPro: 0

 COMMAND LINE ARGUMENTS:
D:\unity fullversion\Editor\Unity.exe
-adb2
-batchMode
-noUpm
-name
AssetImportWorker0
-projectPath
E:/game-group/2D game ( group project )
-logFile
Logs/AssetImportWorker0.log
-srvPort
49338
Successfully changed project path to: E:/game-group/2D game ( group project )
E:/game-group/2D game ( group project )
Using Asset Import Pipeline V2.
Refreshing native plugins compatible for Editor in 36.94 ms, found 2 plugins.
Preloading 0 native plugins for Editor in 0.00 ms.
Initialize engine version: 2020.3.3f1 (76626098c1c4)
[Subsystems] Discovering subsystems at path D:/unity fullversion/Editor/Data/Resources/UnitySubsystems
[Subsystems] Discovering subsystems at path E:/game-group/2D game ( group project )/Assets
GfxDevice: creating device client; threaded=0
Direct3D:
    Version:  Direct3D 11.0 [level 11.1]
    Renderer: NVIDIA GeForce GTX 1050 (ID=0x1c81)
    Vendor:   
    VRAM:     1977 MB
    Driver:   27.21.14.6663
Initialize mono
Mono path[0] = 'D:/unity fullversion/Editor/Data/Managed'
Mono path[1] = 'D:/unity fullversion/Editor/Data/MonoBleedingEdge/lib/mono/unityjit'
Mono config path = 'D:/unity fullversion/Editor/Data/MonoBleedingEdge/etc'
Using monoOptions --debugger-agent=transport=dt_socket,embedding=1,server=y,suspend=n,address=127.0.0.1:56488
Begin MonoManager ReloadAssembly
Registering precompiled unity dll's ...
Register platform support module: D:/unity fullversion/Editor/Data/PlaybackEngines/WindowsStandaloneSupport/UnityEditor.WindowsStandalone.Extensions.dll
Registered in 0.001662 seconds.
Native extension for WindowsStandalone target not found
Refreshing native plugins compatible for Editor in 27.60 ms, found 2 plugins.
Preloading 0 native plugins for Editor in 0.00 ms.
Invoked RoslynAnalysisRunner static constructor.
RoslynAnalysisRunner will not be running.
RoslynAnalysisRunner has terminated.
Mono: successfully reloaded assembly
- Completed reload, in  0.887 seconds
Platform modules already initialized, skipping
Registering precompiled user dll's ...
Registered in 0.002715 seconds.
Begin MonoManager ReloadAssembly
Native extension for WindowsStandalone target not found
Refreshing native plugins compatible for Editor in 0.38 ms, found 2 plugins.
Preloading 0 native plugins for Editor in 0.00 ms.
Invoked RoslynAnalysisRunner static constructor.
RoslynAnalysisRunner will not be running.
RoslynAnalysisRunner has terminated.
Mono: successfully reloaded assembly
- Completed reload, in  1.003 seconds
Platform modules already initialized, skipping
========================================================================
Worker process is ready to serve import requests
Launched and connected shader compiler UnityShaderCompiler.exe after 0.04 seconds
Refreshing native plugins compatible for Editor in 0.40 ms, found 2 plugins.
Preloading 0 native plugins for Editor in 0.00 ms.
Unloading 1486 Unused Serialized files (Serialized files now loaded: 0)
System memory in use before: 69.4 MB.
System memory in use after: 69.5 MB.

Unloading 19 unused Assets to reduce memory usage. Loaded Objects now: 1920.
Total: 2.305700 ms (FindLiveObjects: 0.170500 ms CreateObjectMapping: 0.057000 ms MarkObjects: 1.962300 ms  DeleteObjects: 0.115300 ms)

========================================================================
Received Import Request.
  path: Assets/class/_scenes/playerscene.unity
  artifactKey: Guid(c46270dd69545ec43a03beac3b1070db) Importer(815301076,1909f56bfc062723c751e8b465ee728b)
Start importing Assets/class/_scenes/playerscene.unity using Guid(c46270dd69545ec43a03beac3b1070db) Importer(815301076,1909f56bfc062723c751e8b465ee728b)  -> (artifact id: 'a71477f58a4ea860dfcdfce6aea59ded') in 0.034956 seconds
  Import took 0.039413 seconds .

AssetImportWorkerClient::OnTransportError - code=2 error=End of file
